Using pre-set license
Built from '2022.3/release' branch; Version is '2022.3.18f1 (d29bea25151d) revision 13802474'; Using compiler version '192829333'; Build Type 'Release'
OS: 'Windows 11  (10.0.22621) 64bit Core' Language: 'en' Physical Memory: 16070 MB
BatchMode: 1, IsHumanControllingUs: 0, StartBugReporterOnCrash: 0, Is64bit: 1, IsPro: 1

COMMAND LINE ARGUMENTS:
C:\Program Files\Unity\Hub\Editor\2022.3.18f1\Editor\Unity.exe
-adb2
-batchMode
-noUpm
-name
AssetImportWorker2
-projectPath
C:/Users/alexg/OneDrive - University of Southampton/COMP6259 - AGD/Startup Project
-logFile
Logs/AssetImportWorker2.log
-srvPort
52955
Successfully changed project path to: C:/Users/alexg/OneDrive - University of Southampton/COMP6259 - AGD/Startup Project
C:/Users/alexg/OneDrive - University of Southampton/COMP6259 - AGD/Startup Project
[UnityMemory] Configuration Parameters - Can be set up in boot.config
    "memorysetup-bucket-allocator-granularity=16"
    "memorysetup-bucket-allocator-bucket-count=8"
    "memorysetup-bucket-allocator-block-size=33554432"
    "memorysetup-bucket-allocator-block-count=8"
    "memorysetup-main-allocator-block-size=16777216"
    "memorysetup-thread-allocator-block-size=16777216"
    "memorysetup-gfx-main-allocator-block-size=16777216"
    "memorysetup-gfx-thread-allocator-block-size=16777216"
    "memorysetup-cache-allocator-block-size=4194304"
    "memorysetup-typetree-allocator-block-size=2097152"
    "memorysetup-profiler-bucket-allocator-granularity=16"
    "memorysetup-profiler-bucket-allocator-bucket-count=8"
    "memorysetup-profiler-bucket-allocator-block-size=33554432"
    "memorysetup-profiler-bucket-allocator-block-count=8"
    "memorysetup-profiler-allocator-block-size=16777216"
    "memorysetup-profiler-editor-allocator-block-size=1048576"
    "memorysetup-temp-allocator-size-main=16777216"
    "memorysetup-job-temp-allocator-block-size=2097152"
    "memorysetup-job-temp-allocator-block-size-background=1048576"
    "memorysetup-job-temp-allocator-reduction-small-platforms=262144"
    "memorysetup-allocator-temp-initial-block-size-main=262144"
    "memorysetup-allocator-temp-initial-block-size-worker=262144"
    "memorysetup-temp-allocator-size-background-worker=32768"
    "memorysetup-temp-allocator-size-job-worker=262144"
    "memorysetup-temp-allocator-size-preload-manager=33554432"
    "memorysetup-temp-allocator-size-nav-mesh-worker=65536"
    "memorysetup-temp-allocator-size-audio-worker=65536"
    "memorysetup-temp-allocator-size-cloud-worker=32768"
    "memorysetup-temp-allocator-size-gi-baking-worker=262144"
    "memorysetup-temp-allocator-size-gfx=262144"
Player connection [11508] Host "[IP] 10.130.230.4 [Port] 0 [Flags] 2 [Guid] 349864129 [EditorId] 349864129 [Version] 1048832 [Id] WindowsEditor(7,AlexAcer) [Debug] 1 [PackageName] WindowsEditor [ProjectName] Editor" joined multi-casting on [225.0.0.222:54997]...

Player connection [11508] Host "[IP] 10.130.230.4 [Port] 0 [Flags] 2 [Guid] 349864129 [EditorId] 349864129 [Version] 1048832 [Id] WindowsEditor(7,AlexAcer) [Debug] 1 [PackageName] WindowsEditor [ProjectName] Editor" joined alternative multi-casting on [225.0.0.222:34997]...

[Physics::Module] Initialized MultithreadedJobDispatcher with 15 workers.
Setting a NavMeshArea cost less than one can give unexpected results.
Refreshing native plugins compatible for Editor in 9.65 ms, found 4 plugins.
Preloading 0 native plugins for Editor in 0.00 ms.
Initialize engine version: 2022.3.18f1 (d29bea25151d)
[Subsystems] Discovering subsystems at path C:/Program Files/Unity/Hub/Editor/2022.3.18f1/Editor/Data/Resources/UnitySubsystems
[Subsystems] Discovering subsystems at path C:/Users/alexg/OneDrive - University of Southampton/COMP6259 - AGD/Startup Project/Assets
GfxDevice: creating device client; threaded=0; jobified=0
Direct3D:
    Version:  Direct3D 11.0 [level 11.1]
    Renderer: NVIDIA GeForce RTX 4060 Laptop GPU (ID=0x28a0)
    Vendor:   NVIDIA
    VRAM:     7957 MB
    Driver:   31.0.15.5152
Initialize mono
Mono path[0] = 'C:/Program Files/Unity/Hub/Editor/2022.3.18f1/Editor/Data/Managed'
Mono path[1] = 'C:/Program Files/Unity/Hub/Editor/2022.3.18f1/Editor/Data/MonoBleedingEdge/lib/mono/unityjit-win32'
Mono config path = 'C:/Program Files/Unity/Hub/Editor/2022.3.18f1/Editor/Data/MonoBleedingEdge/etc'
Using monoOptions --debugger-agent=transport=dt_socket,embedding=1,server=y,suspend=n,address=127.0.0.1:56836
Begin MonoManager ReloadAssembly
Registering precompiled unity dll's ...
Register platform support module: C:/Program Files/Unity/Hub/Editor/2022.3.18f1/Editor/Data/PlaybackEngines/WebGLSupport/UnityEditor.WebGL.Extensions.dll
Register platform support module: C:/Program Files/Unity/Hub/Editor/2022.3.18f1/Editor/Data/PlaybackEngines/WindowsStandaloneSupport/UnityEditor.WindowsStandalone.Extensions.dll
Registered in 0.006886 seconds.
- Loaded All Assemblies, in  0.264 seconds
Native extension for WindowsStandalone target not found
Native extension for WebGL target not found
Mono: successfully reloaded assembly
- Finished resetting the current domain, in  0.193 seconds
Domain Reload Profiling: 456ms
	BeginReloadAssembly (85ms)
		ExecutionOrderSort (0ms)
		DisableScriptedObjects (0ms)
		BackupInstance (0ms)
		ReleaseScriptingObjects (0ms)
		CreateAndSetChildDomain (0ms)
	RebuildCommonClasses (24ms)
	RebuildNativeTypeToScriptingClass (7ms)
	initialDomainReloadingComplete (49ms)
	LoadAllAssembliesAndSetupDomain (97ms)
		LoadAssemblies (85ms)
		RebuildTransferFunctionScriptingTraits (0ms)
		AnalyzeDomain (94ms)
			TypeCache.Refresh (94ms)
				TypeCache.ScanAssembly (84ms)
			ScanForSourceGeneratedMonoScriptInfo (0ms)
			ResolveRequiredComponents (0ms)
	FinalizeReload (194ms)
		ReleaseScriptCaches (0ms)
		RebuildScriptCaches (0ms)
		SetupLoadedEditorAssemblies (151ms)
			LogAssemblyErrors (0ms)
			InitializePlatformSupportModulesInManaged (6ms)
			SetLoadedEditorAssemblies (5ms)
			RefreshPlugins (0ms)
			BeforeProcessingInitializeOnLoad (1ms)
			ProcessInitializeOnLoadAttributes (105ms)
			ProcessInitializeOnLoadMethodAttributes (34ms)
			AfterProcessingInitializeOnLoad (0ms)
			EditorAssembliesLoaded (0ms)
		ExecutionOrderSort2 (0ms)
		AwakeInstancesAfterBackupRestoration (0ms)
========================================================================
Worker process is ready to serve import requests
Begin MonoManager ReloadAssembly
- Loaded All Assemblies, in  0.521 seconds
Refreshing native plugins compatible for Editor in 3.63 ms, found 4 plugins.
Native extension for WindowsStandalone target not found
Native extension for WebGL target not found
Package Manager log level set to [2]
[Package Manager] Server::EnsureServerProcessIsRunning -- launch failed, reason: Unity was launched with the -noUpm command-line argument
[Package Manager] UpmClient::Send -- Unable to send message (not connected to UPM process).
[Package Manager] Cannot connect to Unity Package Manager local server
Mono: successfully reloaded assembly
- Finished resetting the current domain, in  0.508 seconds
Domain Reload Profiling: 1026ms
	BeginReloadAssembly (108ms)
		ExecutionOrderSort (0ms)
		DisableScriptedObjects (4ms)
		BackupInstance (0ms)
		ReleaseScriptingObjects (0ms)
		CreateAndSetChildDomain (16ms)
	RebuildCommonClasses (23ms)
	RebuildNativeTypeToScriptingClass (7ms)
	initialDomainReloadingComplete (30ms)
	LoadAllAssembliesAndSetupDomain (349ms)
		LoadAssemblies (263ms)
		RebuildTransferFunctionScriptingTraits (0ms)
		AnalyzeDomain (151ms)
			TypeCache.Refresh (128ms)
				TypeCache.ScanAssembly (115ms)
			ScanForSourceGeneratedMonoScriptInfo (17ms)
			ResolveRequiredComponents (4ms)
	FinalizeReload (508ms)
		ReleaseScriptCaches (0ms)
		RebuildScriptCaches (0ms)
		SetupLoadedEditorAssemblies (384ms)
			LogAssemblyErrors (0ms)
			InitializePlatformSupportModulesInManaged (7ms)
			SetLoadedEditorAssemblies (4ms)
			RefreshPlugins (0ms)
			BeforeProcessingInitializeOnLoad (55ms)
			ProcessInitializeOnLoadAttributes (285ms)
			ProcessInitializeOnLoadMethodAttributes (29ms)
			AfterProcessingInitializeOnLoad (4ms)
			EditorAssembliesLoaded (0ms)
		ExecutionOrderSort2 (0ms)
		AwakeInstancesAfterBackupRestoration (7ms)
Setting a NavMeshArea cost less than one can give unexpected results.
Launched and connected shader compiler UnityShaderCompiler.exe after 0.05 seconds
Refreshing native plugins compatible for Editor in 3.77 ms, found 4 plugins.
Preloading 0 native plugins for Editor in 0.00 ms.
Unloading 4203 Unused Serialized files (Serialized files now loaded: 0)
Unloading 65 unused Assets / (62.6 KB). Loaded Objects now: 4674.
Memory consumption went from 155.2 MB to 155.1 MB.
Total: 3.253900 ms (FindLiveObjects: 0.197700 ms CreateObjectMapping: 0.093900 ms MarkObjects: 2.842300 ms  DeleteObjects: 0.119100 ms)

AssetImportParameters requested are different than current active one (requested -> active):
  custom:container-demuxer-ogg: 62fdf1f143b41e24485cea50d1cbac27 -> 
  custom:scripting/monoscript/fileName/demoBehaviour.cs: 499a7e569e266d9ce3ad2d3b52860d5a -> 
  custom:video-decoder-ogg-theora: a1e56fd34408186e4bbccfd4996cb3dc -> 
  custom:framework-win-MediaFoundation: 216162199b28c13a410421893ffa2e32 -> 
  custom:CustomObjectIndexerAttribute: 6d391050e5a25f67b0a2c618074f2cd9 -> 
  custom:container-demuxer-webm: 4f35f7cbe854078d1ac9338744f61a02 -> 
  custom:container-muxer-webm: aa71ff27fc2769a1b78a27578f13a17b -> 
  custom:video-decoder-webm-vp8: 9c59270c3fd7afecdb556c50c9e8de78 -> 
  custom:SearchIndexIgnoredProperties: e643bd26f0fe6173181afceb89e7c659 -> 
  custom:AudioImporter_EditorPlatform: d09bf68614088b80899f8185d706f6e7 -> 
  custom:scripting/monoscript/fileName/openDoor.cs: 6b94734b122930fccc0f02e579d6b71e -> 104aa4287296e3ce9ca0c754542e8b64
  custom:video-encoder-webm-vp8: eb34c28f22e8b96e1ab97ce403110664 -> 
  custom:audio-decoder-ogg-vorbis: bf7c407c2cedff20999df2af8eb42d56 -> 
  custom:audio-encoder-webm-vorbis: bf7c407c2cedff20999df2af8eb42d56 -> 
========================================================================
Received Import Request.
  Time since last request: 5991.942110 seconds.
  path: Assets/DPrefabs/Dungeon rooms/D.prefab
  artifactKey: Guid(4eb90b2b038b12d46803f511da2fe9b2) Importer(815301076,1909f56bfc062723c751e8b465ee728b)
Start importing Assets/DPrefabs/Dungeon rooms/D.prefab using Guid(4eb90b2b038b12d46803f511da2fe9b2) Importer(815301076,1909f56bfc062723c751e8b465ee728b)  -> (artifact id: 'd4433790c5b6896eec97abc892ad0351') in 0.172677 seconds
Number of updated asset objects reloaded before import = 0
Number of asset objects unloaded after import = 85
========================================================================
Received Import Request.
  Time since last request: 0.000020 seconds.
  path: Assets/DPrefabs/Dungeon rooms/RDL.prefab
  artifactKey: Guid(881950de8d145e948a72956e99b59613) Importer(815301076,1909f56bfc062723c751e8b465ee728b)
Start importing Assets/DPrefabs/Dungeon rooms/RDL.prefab using Guid(881950de8d145e948a72956e99b59613) Importer(815301076,1909f56bfc062723c751e8b465ee728b)  -> (artifact id: 'b95079fa5efeee5f4801a64ae6b462f4') in 0.131870 seconds
Number of updated asset objects reloaded before import = 0
Number of asset objects unloaded after import = 380
========================================================================
Received Import Request.
  Time since last request: 0.000027 seconds.
  path: Assets/DPrefabs/Dungeon rooms/RL.prefab
  artifactKey: Guid(caeded07973c2c54aba2da65f3555133) Importer(815301076,1909f56bfc062723c751e8b465ee728b)
Start importing Assets/DPrefabs/Dungeon rooms/RL.prefab using Guid(caeded07973c2c54aba2da65f3555133) Importer(815301076,1909f56bfc062723c751e8b465ee728b)  -> (artifact id: '8eb04cf2f389a03a5e191146782631e1') in 0.046931 seconds
Number of updated asset objects reloaded before import = 0
Number of asset objects unloaded after import = 340
========================================================================
Received Import Request.
  Time since last request: 0.000026 seconds.
  path: Assets/DPrefabs/Dungeon rooms/TD.prefab
  artifactKey: Guid(320f35fa42bc57e4c80104c4f665317b) Importer(815301076,1909f56bfc062723c751e8b465ee728b)
Start importing Assets/DPrefabs/Dungeon rooms/TD.prefab using Guid(320f35fa42bc57e4c80104c4f665317b) Importer(815301076,1909f56bfc062723c751e8b465ee728b)  -> (artifact id: '99599d48825d06b75a1595e13b301a94') in 0.045151 seconds
Number of updated asset objects reloaded before import = 0
Number of asset objects unloaded after import = 341
========================================================================
Received Import Request.
  Time since last request: 0.000020 seconds.
  path: Assets/DPrefabs/Dungeon rooms/LTR.prefab
  artifactKey: Guid(1e96b2a7fc1e19c4fa6df575abc18c38) Importer(815301076,1909f56bfc062723c751e8b465ee728b)
Start importing Assets/DPrefabs/Dungeon rooms/LTR.prefab using Guid(1e96b2a7fc1e19c4fa6df575abc18c38) Importer(815301076,1909f56bfc062723c751e8b465ee728b)  -> (artifact id: '629d16fdaeb252a56c48d733099a01ce') in 0.053428 seconds
Number of updated asset objects reloaded before import = 0
Number of asset objects unloaded after import = 381
========================================================================
Received Import Request.
  Time since last request: 0.000019 seconds.
  path: Assets/DPrefabs/Dungeon rooms/Shut Room.prefab
  artifactKey: Guid(2c155d61fbe725e4cbcc619fb470282a) Importer(815301076,1909f56bfc062723c751e8b465ee728b)
Start importing Assets/DPrefabs/Dungeon rooms/Shut Room.prefab using Guid(2c155d61fbe725e4cbcc619fb470282a) Importer(815301076,1909f56bfc062723c751e8b465ee728b)  -> (artifact id: 'ce40528da3e47b9358310da8817bc7c4') in 0.022567 seconds
Number of updated asset objects reloaded before import = 0
Number of asset objects unloaded after import = 93
========================================================================
Received Import Request.
  Time since last request: 0.000016 seconds.
  path: Assets/DPrefabs/Dungeon rooms/T.prefab
  artifactKey: Guid(5908c43c137d2db48a57186f8fc2aa2d) Importer(815301076,1909f56bfc062723c751e8b465ee728b)
Start importing Assets/DPrefabs/Dungeon rooms/T.prefab using Guid(5908c43c137d2db48a57186f8fc2aa2d) Importer(815301076,1909f56bfc062723c751e8b465ee728b)  -> (artifact id: 'a02054e585dfe15f9995546b8a6122d2') in 0.020883 seconds
Number of updated asset objects reloaded before import = 0
Number of asset objects unloaded after import = 77
========================================================================
Received Import Request.
  Time since last request: 0.000015 seconds.
  path: Assets/DPrefabs/Dungeon rooms/LDR.prefab
  artifactKey: Guid(bc6e730303eb39643b8fde55c143adcf) Importer(815301076,1909f56bfc062723c751e8b465ee728b)
Start importing Assets/DPrefabs/Dungeon rooms/LDR.prefab using Guid(bc6e730303eb39643b8fde55c143adcf) Importer(815301076,1909f56bfc062723c751e8b465ee728b)  -> (artifact id: '2ced1145cea17f43b3ffd5b1e9ca453d') in 0.043085 seconds
Number of updated asset objects reloaded before import = 0
Number of asset objects unloaded after import = 380
========================================================================
Received Import Request.
  Time since last request: 0.000026 seconds.
  path: Assets/DPrefabs/Dungeon rooms/LD.prefab
  artifactKey: Guid(63abc6f21e9b3874bb5439429b4025e5) Importer(815301076,1909f56bfc062723c751e8b465ee728b)
Start importing Assets/DPrefabs/Dungeon rooms/LD.prefab using Guid(63abc6f21e9b3874bb5439429b4025e5) Importer(815301076,1909f56bfc062723c751e8b465ee728b)  -> (artifact id: 'f0167d187da451304ef347abc6c62cdb') in 0.044287 seconds
Number of updated asset objects reloaded before import = 0
Number of asset objects unloaded after import = 340
========================================================================
Received Import Request.
  Time since last request: 1.265162 seconds.
  path: Assets/DPrefabs/Dungeon rooms/TLR.prefab
  artifactKey: Guid(f639a2b1e2e16224691532694dacee7b) Importer(815301076,1909f56bfc062723c751e8b465ee728b)
Start importing Assets/DPrefabs/Dungeon rooms/TLR.prefab using Guid(f639a2b1e2e16224691532694dacee7b) Importer(815301076,1909f56bfc062723c751e8b465ee728b)  -> (artifact id: '0419944e94430f379b9e1731357f999a') in 0.054217 seconds
Number of updated asset objects reloaded before import = 0
Number of asset objects unloaded after import = 381
========================================================================
Received Import Request.
  Time since last request: 12.854567 seconds.
  path: Assets/Adventure Forge Studio/Modular Dungeon Pack/MDP_Textures/MDP_Tex_Prebaked_Textures/MDP_Tex_PreB_4K/MDP_Tex_PreB_4K_StoneWithMoss/MDP_Tex_PreB_4K_StoneWithMoss_AlbedoTransparency.tif
  artifactKey: Guid(4d71c3967678c5c4990d6fa19ed6f265) Importer(815301076,1909f56bfc062723c751e8b465ee728b)
Start importing Assets/Adventure Forge Studio/Modular Dungeon Pack/MDP_Textures/MDP_Tex_Prebaked_Textures/MDP_Tex_PreB_4K/MDP_Tex_PreB_4K_StoneWithMoss/MDP_Tex_PreB_4K_StoneWithMoss_AlbedoTransparency.tif using Guid(4d71c3967678c5c4990d6fa19ed6f265) Importer(815301076,1909f56bfc062723c751e8b465ee728b)  -> (artifact id: '1e4e6e752368fbf376d113a4346c9d78') in 0.026000 seconds
Number of updated asset objects reloaded before import = 0
Number of asset objects unloaded after import = 2
========================================================================
Received Import Request.
  Time since last request: 0.000017 seconds.
  path: Assets/Adventure Forge Studio/Modular Dungeon Pack/MDP_Textures/MDP_Tex_Prebaked_Textures/MDP_Tex_PreB_4K/MDP_Tex_PreB_4K_StoneWithMoss/MDP_Tex_PreB_4K_StoneWithMoss_Normal.tif
  artifactKey: Guid(e4993f8f622929a4b97ae5103ae51f7a) Importer(815301076,1909f56bfc062723c751e8b465ee728b)
Start importing Assets/Adventure Forge Studio/Modular Dungeon Pack/MDP_Textures/MDP_Tex_Prebaked_Textures/MDP_Tex_PreB_4K/MDP_Tex_PreB_4K_StoneWithMoss/MDP_Tex_PreB_4K_StoneWithMoss_Normal.tif using Guid(e4993f8f622929a4b97ae5103ae51f7a) Importer(815301076,1909f56bfc062723c751e8b465ee728b)  -> (artifact id: '0ba44c53affd4cbbc1128d1518d3b580') in 0.066003 seconds
Number of updated asset objects reloaded before import = 0
Number of asset objects unloaded after import = 2
========================================================================
Received Import Request.
  Time since last request: 0.962494 seconds.
  path: Assets/Adventure Forge Studio/Modular Dungeon Pack/MDP_Textures/MDP_Tex_Prebaked_Textures/MDP_Tex_PreB_4K/MDP_Tex_PreB_4K_StoneSlabsWithMoss/MDP_Tex_PreB_4K_StoneSlabsWithMoss_AlbedoTransparency.tif
  artifactKey: Guid(99066394cbc56dc46925e66c89460071) Importer(815301076,1909f56bfc062723c751e8b465ee728b)
Start importing Assets/Adventure Forge Studio/Modular Dungeon Pack/MDP_Textures/MDP_Tex_Prebaked_Textures/MDP_Tex_PreB_4K/MDP_Tex_PreB_4K_StoneSlabsWithMoss/MDP_Tex_PreB_4K_StoneSlabsWithMoss_AlbedoTransparency.tif using Guid(99066394cbc56dc46925e66c89460071) Importer(815301076,1909f56bfc062723c751e8b465ee728b)  -> (artifact id: 'd879f93085719ab1883e2fd88f129821') in 0.025725 seconds
Number of updated asset objects reloaded before import = 0
Number of asset objects unloaded after import = 2
========================================================================
Received Import Request.
  Time since last request: 0.000965 seconds.
  path: Assets/Adventure Forge Studio/Modular Dungeon Pack/MDP_Textures/MDP_Tex_Prebaked_Textures/MDP_Tex_PreB_4K/MDP_Tex_PreB_4K_StoneSlabsWithMoss/MDP_Tex_PreB_4K_StoneSlabsWithMoss_Normal.tif
  artifactKey: Guid(20aafeb71e659d44998c9d7daca5a3e1) Importer(815301076,1909f56bfc062723c751e8b465ee728b)
Start importing Assets/Adventure Forge Studio/Modular Dungeon Pack/MDP_Textures/MDP_Tex_Prebaked_Textures/MDP_Tex_PreB_4K/MDP_Tex_PreB_4K_StoneSlabsWithMoss/MDP_Tex_PreB_4K_StoneSlabsWithMoss_Normal.tif using Guid(20aafeb71e659d44998c9d7daca5a3e1) Importer(815301076,1909f56bfc062723c751e8b465ee728b)  -> (artifact id: 'fd6e939cf71e27908ab9b0ac8225edca') in 0.040994 seconds
Number of updated asset objects reloaded before import = 0
Number of asset objects unloaded after import = 2
========================================================================
Received Import Request.
  Time since last request: 0.677584 seconds.
  path: Assets/Adventure Forge Studio/Modular Dungeon Pack/MDP_Textures/MDP_Tex_Prebaked_Textures/MDP_Tex_PreB_4K/MDP_Tex_PreB_4K_StoneSlabs/MDP_Tex_PreB_4K_StoneSlabs_AlbedoTransparency.tif
  artifactKey: Guid(0cfae76a28ead0a478d85e3d567a783b) Importer(815301076,1909f56bfc062723c751e8b465ee728b)
Start importing Assets/Adventure Forge Studio/Modular Dungeon Pack/MDP_Textures/MDP_Tex_Prebaked_Textures/MDP_Tex_PreB_4K/MDP_Tex_PreB_4K_StoneSlabs/MDP_Tex_PreB_4K_StoneSlabs_AlbedoTransparency.tif using Guid(0cfae76a28ead0a478d85e3d567a783b) Importer(815301076,1909f56bfc062723c751e8b465ee728b)  -> (artifact id: '2eba615bab6f3afbbeeb9c2f2c0259b9') in 0.018822 seconds
Number of updated asset objects reloaded before import = 0
Number of asset objects unloaded after import = 2
========================================================================
Received Import Request.
  Time since last request: 0.000016 seconds.
  path: Assets/Adventure Forge Studio/Modular Dungeon Pack/MDP_Textures/MDP_Tex_Prebaked_Textures/MDP_Tex_PreB_4K/MDP_Tex_PreB_4K_StoneSlabs/MDP_Tex_PreB_4K_StoneSlabs_Normal.tif
  artifactKey: Guid(48e5202cd78c3c244aa456f37b6dce05) Importer(815301076,1909f56bfc062723c751e8b465ee728b)
Start importing Assets/Adventure Forge Studio/Modular Dungeon Pack/MDP_Textures/MDP_Tex_Prebaked_Textures/MDP_Tex_PreB_4K/MDP_Tex_PreB_4K_StoneSlabs/MDP_Tex_PreB_4K_StoneSlabs_Normal.tif using Guid(48e5202cd78c3c244aa456f37b6dce05) Importer(815301076,1909f56bfc062723c751e8b465ee728b)  -> (artifact id: 'daded2b89dbe2d5ea59207cb40acb2e2') in 0.024942 seconds
Number of updated asset objects reloaded before import = 0
Number of asset objects unloaded after import = 2
========================================================================
Received Import Request.
  Time since last request: 1.733887 seconds.
  path: Assets/Adventure Forge Studio/Modular Dungeon Pack/MDP_Textures/MDP_Tex_Prebaked_Textures/MDP_Tex_PreB_4K/MDP_Tex_PreB_4K_StoneBricksWithMoss/MDP_Tex_PreB_4K_StonebricksWithMoss_AlbedoTransparency.tif
  artifactKey: Guid(4b01c2eb4bbdb654a80166a8ecbb5ec4) Importer(815301076,1909f56bfc062723c751e8b465ee728b)
Start importing Assets/Adventure Forge Studio/Modular Dungeon Pack/MDP_Textures/MDP_Tex_Prebaked_Textures/MDP_Tex_PreB_4K/MDP_Tex_PreB_4K_StoneBricksWithMoss/MDP_Tex_PreB_4K_StonebricksWithMoss_AlbedoTransparency.tif using Guid(4b01c2eb4bbdb654a80166a8ecbb5ec4) Importer(815301076,1909f56bfc062723c751e8b465ee728b)  -> (artifact id: '1df9420cb06ef1d1d1bc1a9ec8f81f1f') in 0.025102 seconds
Number of updated asset objects reloaded before import = 0
Number of asset objects unloaded after import = 2
========================================================================
Received Import Request.
  Time since last request: 0.000381 seconds.
  path: Assets/Adventure Forge Studio/Modular Dungeon Pack/MDP_Textures/MDP_Tex_Prebaked_Textures/MDP_Tex_PreB_4K/MDP_Tex_PreB_4K_StoneBricksWithMoss/MDP_Tex_PreB_4K_StonebricksWithMoss_Normal.tif
  artifactKey: Guid(6054347547470f345b9f53d74471fa90) Importer(815301076,1909f56bfc062723c751e8b465ee728b)
Start importing Assets/Adventure Forge Studio/Modular Dungeon Pack/MDP_Textures/MDP_Tex_Prebaked_Textures/MDP_Tex_PreB_4K/MDP_Tex_PreB_4K_StoneBricksWithMoss/MDP_Tex_PreB_4K_StonebricksWithMoss_Normal.tif using Guid(6054347547470f345b9f53d74471fa90) Importer(815301076,1909f56bfc062723c751e8b465ee728b)  -> (artifact id: '4eacf666a19aa4ac82c68e1cce253b84') in 0.049679 seconds
Number of updated asset objects reloaded before import = 0
Number of asset objects unloaded after import = 2
========================================================================
Received Import Request.
  Time since last request: 0.714892 seconds.
  path: Assets/Adventure Forge Studio/Modular Dungeon Pack/MDP_Textures/MDP_Tex_Prebaked_Textures/MDP_Tex_PreB_4K/MDP_Tex_PreB_4K_StoneBricks/MDP_Tex_PreB_4K_Stonebricks_AlbedoTransparency.tif
  artifactKey: Guid(ce21ccbe859f63f4b93c4ba23cf63198) Importer(815301076,1909f56bfc062723c751e8b465ee728b)
Start importing Assets/Adventure Forge Studio/Modular Dungeon Pack/MDP_Textures/MDP_Tex_Prebaked_Textures/MDP_Tex_PreB_4K/MDP_Tex_PreB_4K_StoneBricks/MDP_Tex_PreB_4K_Stonebricks_AlbedoTransparency.tif using Guid(ce21ccbe859f63f4b93c4ba23cf63198) Importer(815301076,1909f56bfc062723c751e8b465ee728b)  -> (artifact id: 'ae6d3ed25d883242bcdebc8b79e186fc') in 0.033609 seconds
Number of updated asset objects reloaded before import = 0
Number of asset objects unloaded after import = 2
========================================================================
Received Import Request.
  Time since last request: 0.000064 seconds.
  path: Assets/Adventure Forge Studio/Modular Dungeon Pack/MDP_Textures/MDP_Tex_Prebaked_Textures/MDP_Tex_PreB_4K/MDP_Tex_PreB_4K_StoneBricks/MDP_Tex_PreB_4K_Stonebricks_Normal.tif
  artifactKey: Guid(679c30b379d11724b8ad07ea2e1bdcbe) Importer(815301076,1909f56bfc062723c751e8b465ee728b)
Start importing Assets/Adventure Forge Studio/Modular Dungeon Pack/MDP_Textures/MDP_Tex_Prebaked_Textures/MDP_Tex_PreB_4K/MDP_Tex_PreB_4K_StoneBricks/MDP_Tex_PreB_4K_Stonebricks_Normal.tif using Guid(679c30b379d11724b8ad07ea2e1bdcbe) Importer(815301076,1909f56bfc062723c751e8b465ee728b)  -> (artifact id: 'c10756e54d3434343180fa76f004e4a7') in 0.057150 seconds
Number of updated asset objects reloaded before import = 0
Number of asset objects unloaded after import = 2
========================================================================
Received Import Request.
  Time since last request: 1.270078 seconds.
  path: Assets/Adventure Forge Studio/Modular Dungeon Pack/MDP_Textures/MDP_Tex_Prebaked_Textures/MDP_Tex_PreB_4K/MDP_Tex_PreB_4K_Stone/MDP_Tex_PreB_4K_Stone_AlbedoTransparency.tif
  artifactKey: Guid(b8524939d9e708949a07ff1dbb7c3c20) Importer(815301076,1909f56bfc062723c751e8b465ee728b)
Start importing Assets/Adventure Forge Studio/Modular Dungeon Pack/MDP_Textures/MDP_Tex_Prebaked_Textures/MDP_Tex_PreB_4K/MDP_Tex_PreB_4K_Stone/MDP_Tex_PreB_4K_Stone_AlbedoTransparency.tif using Guid(b8524939d9e708949a07ff1dbb7c3c20) Importer(815301076,1909f56bfc062723c751e8b465ee728b)  -> (artifact id: 'e72bbd0cbf04fd5c9cd6fae1ffef042f') in 0.025848 seconds
Number of updated asset objects reloaded before import = 0
Number of asset objects unloaded after import = 2
========================================================================
Received Import Request.
  Time since last request: 0.000019 seconds.
  path: Assets/Adventure Forge Studio/Modular Dungeon Pack/MDP_Textures/MDP_Tex_Prebaked_Textures/MDP_Tex_PreB_4K/MDP_Tex_PreB_4K_Stone/MDP_Tex_PreB_4K_Stone_Normal.tif
  artifactKey: Guid(d599687bd594e2c4d8da1c24bf5373f1) Importer(815301076,1909f56bfc062723c751e8b465ee728b)
Start importing Assets/Adventure Forge Studio/Modular Dungeon Pack/MDP_Textures/MDP_Tex_Prebaked_Textures/MDP_Tex_PreB_4K/MDP_Tex_PreB_4K_Stone/MDP_Tex_PreB_4K_Stone_Normal.tif using Guid(d599687bd594e2c4d8da1c24bf5373f1) Importer(815301076,1909f56bfc062723c751e8b465ee728b)  -> (artifact id: '244756582c264b3a6458491c9efb0ab6') in 0.059430 seconds
Number of updated asset objects reloaded before import = 0
Number of asset objects unloaded after import = 2
========================================================================
Received Import Request.
  Time since last request: 0.953724 seconds.
  path: Assets/Adventure Forge Studio/Modular Dungeon Pack/MDP_Textures/MDP_Tex_Prebaked_Textures/MDP_Tex_PreB_4K/MDP_Tex_Preb_4K_SquareStoneTilesWithMoss/MDP_Tex_PreB_4K_SquareStoneTilesWithMoss_AlbedoTransparency.tif
  artifactKey: Guid(4c431be79ea8b4b42b4505f351810741) Importer(815301076,1909f56bfc062723c751e8b465ee728b)
Start importing Assets/Adventure Forge Studio/Modular Dungeon Pack/MDP_Textures/MDP_Tex_Prebaked_Textures/MDP_Tex_PreB_4K/MDP_Tex_Preb_4K_SquareStoneTilesWithMoss/MDP_Tex_PreB_4K_SquareStoneTilesWithMoss_AlbedoTransparency.tif using Guid(4c431be79ea8b4b42b4505f351810741) Importer(815301076,1909f56bfc062723c751e8b465ee728b)  -> (artifact id: '0b8804715dddc151a990884173cdd051') in 0.020663 seconds
Number of updated asset objects reloaded before import = 0
Number of asset objects unloaded after import = 2
========================================================================
Received Import Request.
  Time since last request: 0.001133 seconds.
  path: Assets/Adventure Forge Studio/Modular Dungeon Pack/MDP_Textures/MDP_Tex_Prebaked_Textures/MDP_Tex_PreB_4K/MDP_Tex_Preb_4K_SquareStoneTilesWithMoss/MDP_Tex_PreB_4K_SquareStoneTilesWithMoss_Normal.tif
  artifactKey: Guid(1f0f9fe862cf47241a2d7dd2c867a297) Importer(815301076,1909f56bfc062723c751e8b465ee728b)
Start importing Assets/Adventure Forge Studio/Modular Dungeon Pack/MDP_Textures/MDP_Tex_Prebaked_Textures/MDP_Tex_PreB_4K/MDP_Tex_Preb_4K_SquareStoneTilesWithMoss/MDP_Tex_PreB_4K_SquareStoneTilesWithMoss_Normal.tif using Guid(1f0f9fe862cf47241a2d7dd2c867a297) Importer(815301076,1909f56bfc062723c751e8b465ee728b)  -> (artifact id: '0e17570af0a41d75d6502e7bc2158e4b') in 0.027397 seconds
Number of updated asset objects reloaded before import = 0
Number of asset objects unloaded after import = 2
========================================================================
Received Import Request.
  Time since last request: 0.983810 seconds.
  path: Assets/Adventure Forge Studio/Modular Dungeon Pack/MDP_Textures/MDP_Tex_Prebaked_Textures/MDP_Tex_PreB_4K/MDP_Tex_Preb_4K_SquareStoneTiles/MDP_Tex_PreB_4K_SquareStoneTiles_AlbedoTransparency.tif
  artifactKey: Guid(4dfe2ac98fe44b34ba72113bc4e40166) Importer(815301076,1909f56bfc062723c751e8b465ee728b)
Start importing Assets/Adventure Forge Studio/Modular Dungeon Pack/MDP_Textures/MDP_Tex_Prebaked_Textures/MDP_Tex_PreB_4K/MDP_Tex_Preb_4K_SquareStoneTiles/MDP_Tex_PreB_4K_SquareStoneTiles_AlbedoTransparency.tif using Guid(4dfe2ac98fe44b34ba72113bc4e40166) Importer(815301076,1909f56bfc062723c751e8b465ee728b)  -> (artifact id: 'f17400dd0c29d0cafcda5b5b0bbebf59') in 0.026630 seconds
Number of updated asset objects reloaded before import = 0
Number of asset objects unloaded after import = 2
========================================================================
Received Import Request.
  Time since last request: 0.000026 seconds.
  path: Assets/Adventure Forge Studio/Modular Dungeon Pack/MDP_Textures/MDP_Tex_Prebaked_Textures/MDP_Tex_PreB_4K/MDP_Tex_Preb_4K_SquareStoneTiles/MDP_Tex_PreB_4K_SquareStoneTiles_Normal.tif
  artifactKey: Guid(a72d1ecac75987f4696282f02db1d35f) Importer(815301076,1909f56bfc062723c751e8b465ee728b)
Start importing Assets/Adventure Forge Studio/Modular Dungeon Pack/MDP_Textures/MDP_Tex_Prebaked_Textures/MDP_Tex_PreB_4K/MDP_Tex_Preb_4K_SquareStoneTiles/MDP_Tex_PreB_4K_SquareStoneTiles_Normal.tif using Guid(a72d1ecac75987f4696282f02db1d35f) Importer(815301076,1909f56bfc062723c751e8b465ee728b)  -> (artifact id: '114553a6b1835721f32237aa466abd41') in 0.111299 seconds
Number of updated asset objects reloaded before import = 0
Number of asset objects unloaded after import = 2
========================================================================
Received Import Request.
  Time since last request: 1.407602 seconds.
  path: Assets/Adventure Forge Studio/Modular Dungeon Pack/MDP_Textures/MDP_Tex_Prebaked_Textures/MDP_Tex_PreB_4K/MDP_Tex_PreB_4K_FlatStoneBricksWithMoss/MDP_Tex_PreB_4K_FlatStoneBricks_AlbedoTransparency.tif
  artifactKey: Guid(042fed5fa80076a42904acca59e67d45) Importer(815301076,1909f56bfc062723c751e8b465ee728b)
Start importing Assets/Adventure Forge Studio/Modular Dungeon Pack/MDP_Textures/MDP_Tex_Prebaked_Textures/MDP_Tex_PreB_4K/MDP_Tex_PreB_4K_FlatStoneBricksWithMoss/MDP_Tex_PreB_4K_FlatStoneBricks_AlbedoTransparency.tif using Guid(042fed5fa80076a42904acca59e67d45) Importer(815301076,1909f56bfc062723c751e8b465ee728b)  -> (artifact id: '65a63e90ff3b8e8336fb39f8a2ba2fd1') in 0.028857 seconds
Number of updated asset objects reloaded before import = 0
Number of asset objects unloaded after import = 2
========================================================================
Received Import Request.
  Time since last request: 0.000047 seconds.
  path: Assets/Adventure Forge Studio/Modular Dungeon Pack/MDP_Textures/MDP_Tex_Prebaked_Textures/MDP_Tex_PreB_4K/MDP_Tex_PreB_4K_FlatStoneBricksWithMoss/MDP_Tex_PreB_4K_FlatStoneBricks_Normal.tif
  artifactKey: Guid(af92b0754f4c0624995ba8f278f9c0c3) Importer(815301076,1909f56bfc062723c751e8b465ee728b)
Start importing Assets/Adventure Forge Studio/Modular Dungeon Pack/MDP_Textures/MDP_Tex_Prebaked_Textures/MDP_Tex_PreB_4K/MDP_Tex_PreB_4K_FlatStoneBricksWithMoss/MDP_Tex_PreB_4K_FlatStoneBricks_Normal.tif using Guid(af92b0754f4c0624995ba8f278f9c0c3) Importer(815301076,1909f56bfc062723c751e8b465ee728b)  -> (artifact id: 'da6bc7673ff856f1922d21af583c59cf') in 0.024143 seconds
Number of updated asset objects reloaded before import = 0
Number of asset objects unloaded after import = 2
========================================================================
Received Import Request.
  Time since last request: 0.634228 seconds.
  path: Assets/Adventure Forge Studio/Modular Dungeon Pack/MDP_Textures/MDP_Tex_Prebaked_Textures/MDP_Tex_PreB_4K/MDP_Tex_PreB_4K_LargeStoneBricks/MDP_Tex_PreB_4K_LargeStoneBricks_AlbedoTransparency.tif
  artifactKey: Guid(1676277c358ba1941bbca5f422d7858a) Importer(815301076,1909f56bfc062723c751e8b465ee728b)
Start importing Assets/Adventure Forge Studio/Modular Dungeon Pack/MDP_Textures/MDP_Tex_Prebaked_Textures/MDP_Tex_PreB_4K/MDP_Tex_PreB_4K_LargeStoneBricks/MDP_Tex_PreB_4K_LargeStoneBricks_AlbedoTransparency.tif using Guid(1676277c358ba1941bbca5f422d7858a) Importer(815301076,1909f56bfc062723c751e8b465ee728b)  -> (artifact id: 'c21eef2abb66627625da457b01fbfd9e') in 0.037084 seconds
Number of updated asset objects reloaded before import = 0
Number of asset objects unloaded after import = 2
========================================================================
Received Import Request.
  Time since last request: 0.000164 seconds.
  path: Assets/Adventure Forge Studio/Modular Dungeon Pack/MDP_Textures/MDP_Tex_Prebaked_Textures/MDP_Tex_PreB_4K/MDP_Tex_PreB_4K_LargeStoneBricks/MDP_Tex_PreB_4K_LargeStoneBricks_Normal.tif
  artifactKey: Guid(9acb4e67da37fd143bbd138369ca39ae) Importer(815301076,1909f56bfc062723c751e8b465ee728b)
Start importing Assets/Adventure Forge Studio/Modular Dungeon Pack/MDP_Textures/MDP_Tex_Prebaked_Textures/MDP_Tex_PreB_4K/MDP_Tex_PreB_4K_LargeStoneBricks/MDP_Tex_PreB_4K_LargeStoneBricks_Normal.tif using Guid(9acb4e67da37fd143bbd138369ca39ae) Importer(815301076,1909f56bfc062723c751e8b465ee728b)  -> (artifact id: '4e126e7218e26845e80353f9b775be8c') in 0.027700 seconds
Number of updated asset objects reloaded before import = 0
Number of asset objects unloaded after import = 2
========================================================================
Received Import Request.
  Time since last request: 31.514732 seconds.
  path: Assets/Adventure Forge Studio/MDP_Mat_PreB_4K/MDP_Mat_PreB_4K_FlatStoneBricks.mat
  artifactKey: Guid(458f9785b61e3e44497e4efe82cc6748) Importer(815301076,1909f56bfc062723c751e8b465ee728b)
Start importing Assets/Adventure Forge Studio/MDP_Mat_PreB_4K/MDP_Mat_PreB_4K_FlatStoneBricks.mat using Guid(458f9785b61e3e44497e4efe82cc6748) Importer(815301076,1909f56bfc062723c751e8b465ee728b)  -> (artifact id: '2eb4c299e1f8af9be7320ac769d11534') in 0.086421 seconds
Number of updated asset objects reloaded before import = 0
Number of asset objects unloaded after import = 1
========================================================================
Received Import Request.
  Time since last request: 0.000022 seconds.
  path: Assets/Adventure Forge Studio/MDP_Mat_PreB_4K/MDP_Mat_Preb_4K_StoneWithMoss.mat
  artifactKey: Guid(8b401c03d7545304bbad08adb91f76c3) Importer(815301076,1909f56bfc062723c751e8b465ee728b)
Start importing Assets/Adventure Forge Studio/MDP_Mat_PreB_4K/MDP_Mat_Preb_4K_StoneWithMoss.mat using Guid(8b401c03d7545304bbad08adb91f76c3) Importer(815301076,1909f56bfc062723c751e8b465ee728b)  -> (artifact id: '267e9d28aab36d81e6a2df28e134941b') in 0.025506 seconds
Number of updated asset objects reloaded before import = 0
Number of asset objects unloaded after import = 1
========================================================================
Received Import Request.
  Time since last request: 0.000087 seconds.
  path: Assets/Adventure Forge Studio/MDP_Mat_PreB_4K/MDP_Mat_Preb_4K_SquareStoneTiles.mat
  artifactKey: Guid(fd8b812f2afcb2b4c877e4d588757bb7) Importer(815301076,1909f56bfc062723c751e8b465ee728b)
Start importing Assets/Adventure Forge Studio/MDP_Mat_PreB_4K/MDP_Mat_Preb_4K_SquareStoneTiles.mat using Guid(fd8b812f2afcb2b4c877e4d588757bb7) Importer(815301076,1909f56bfc062723c751e8b465ee728b)  -> (artifact id: '05db64162ac9d64939f69b6fc9575882') in 0.018973 seconds
Number of updated asset objects reloaded before import = 0
Number of asset objects unloaded after import = 1
========================================================================
Received Prepare
Setting a NavMeshArea cost less than one can give unexpected results.
Begin MonoManager ReloadAssembly
- Loaded All Assemblies, in  0.532 seconds
Refreshing native plugins compatible for Editor in 9.17 ms, found 4 plugins.
Native extension for WindowsStandalone target not found
Native extension for WebGL target not found
[Package Manager] Server::EnsureServerProcessIsRunning -- launch failed, reason: Unity was launched with the -noUpm command-line argument
[Package Manager] UpmClient::Send -- Unable to send message (not connected to UPM process).
[Package Manager] Cannot connect to Unity Package Manager local server
Mono: successfully reloaded assembly
- Finished resetting the current domain, in  1.238 seconds
Domain Reload Profiling: 1767ms
	BeginReloadAssembly (160ms)
		ExecutionOrderSort (0ms)
		DisableScriptedObjects (9ms)
		BackupInstance (0ms)
		ReleaseScriptingObjects (0ms)
		CreateAndSetChildDomain (40ms)
	RebuildCommonClasses (29ms)
	RebuildNativeTypeToScriptingClass (10ms)
	initialDomainReloadingComplete (35ms)
	LoadAllAssembliesAndSetupDomain (294ms)
		LoadAssemblies (340ms)
		RebuildTransferFunctionScriptingTraits (0ms)
		AnalyzeDomain (35ms)
			TypeCache.Refresh (11ms)
				TypeCache.ScanAssembly (1ms)
			ScanForSourceGeneratedMonoScriptInfo (13ms)
			ResolveRequiredComponents (9ms)
	FinalizeReload (1239ms)
		ReleaseScriptCaches (0ms)
		RebuildScriptCaches (0ms)
		SetupLoadedEditorAssemblies (338ms)
			LogAssemblyErrors (0ms)
			InitializePlatformSupportModulesInManaged (6ms)
			SetLoadedEditorAssemblies (4ms)
			RefreshPlugins (0ms)
			BeforeProcessingInitializeOnLoad (62ms)
			ProcessInitializeOnLoadAttributes (240ms)
			ProcessInitializeOnLoadMethodAttributes (20ms)
			AfterProcessingInitializeOnLoad (6ms)
			EditorAssembliesLoaded (0ms)
		ExecutionOrderSort2 (0ms)
		AwakeInstancesAfterBackupRestoration (11ms)
Refreshing native plugins compatible for Editor in 6.55 ms, found 4 plugins.
Preloading 0 native plugins for Editor in 0.00 ms.
Unloading 4177 Unused Serialized files (Serialized files now loaded: 0)
Unloading 37 unused Assets / (36.8 KB). Loaded Objects now: 4727.
Memory consumption went from 156.0 MB to 156.0 MB.
Total: 3.131300 ms (FindLiveObjects: 0.300300 ms CreateObjectMapping: 0.196100 ms MarkObjects: 2.568500 ms  DeleteObjects: 0.065100 ms)

Prepare: number of updated asset objects reloaded= 0
AssetImportParameters requested are different than current active one (requested -> active):
  custom:container-demuxer-ogg: 62fdf1f143b41e24485cea50d1cbac27 -> 
  custom:scripting/monoscript/fileName/demoBehaviour.cs: 499a7e569e266d9ce3ad2d3b52860d5a -> 
  custom:video-decoder-ogg-theora: a1e56fd34408186e4bbccfd4996cb3dc -> 
  custom:framework-win-MediaFoundation: 216162199b28c13a410421893ffa2e32 -> 
  custom:CustomObjectIndexerAttribute: 6d391050e5a25f67b0a2c618074f2cd9 -> 
  custom:container-demuxer-webm: 4f35f7cbe854078d1ac9338744f61a02 -> 
  custom:container-muxer-webm: aa71ff27fc2769a1b78a27578f13a17b -> 
  custom:video-decoder-webm-vp8: 9c59270c3fd7afecdb556c50c9e8de78 -> 
  custom:SearchIndexIgnoredProperties: e643bd26f0fe6173181afceb89e7c659 -> 
  custom:AudioImporter_EditorPlatform: d09bf68614088b80899f8185d706f6e7 -> 
  custom:scripting/monoscript/fileName/openDoor.cs: 6b94734b122930fccc0f02e579d6b71e -> 104aa4287296e3ce9ca0c754542e8b64
  custom:video-encoder-webm-vp8: eb34c28f22e8b96e1ab97ce403110664 -> 
  custom:audio-decoder-ogg-vorbis: bf7c407c2cedff20999df2af8eb42d56 -> 
  custom:audio-encoder-webm-vorbis: bf7c407c2cedff20999df2af8eb42d56 -> 
========================================================================
Received Import Request.
  Time since last request: 40.050141 seconds.
  path: Assets/LampMesh
  artifactKey: Guid(c8adb4b3e762f5c4c8ff36e3f4afad9c) Importer(815301076,1909f56bfc062723c751e8b465ee728b)
Start importing Assets/LampMesh using Guid(c8adb4b3e762f5c4c8ff36e3f4afad9c) Importer(815301076,1909f56bfc062723c751e8b465ee728b)  -> (artifact id: 'e7a1cd1b75dd32c79aed60cd3d459358') in 0.003533 seconds
Number of updated asset objects reloaded before import = 0
Number of asset objects unloaded after import = 0
========================================================================
Received Import Request.
  Time since last request: 3.614091 seconds.
  path: Assets/Tor
  artifactKey: Guid(4eb635f091616da4c9a2b762000607e9) Importer(815301076,1909f56bfc062723c751e8b465ee728b)
Start importing Assets/Tor using Guid(4eb635f091616da4c9a2b762000607e9) Importer(815301076,1909f56bfc062723c751e8b465ee728b)  -> (artifact id: '6679b6b8ba6e7e5b066e0d9192f11e3f') in 0.000498 seconds
Number of updated asset objects reloaded before import = 0
Number of asset objects unloaded after import = 0
========================================================================
Received Import Request.
  Time since last request: 10.476678 seconds.
  path: Assets/NSMesh
  artifactKey: Guid(dbe55effb7eacdf45b193fb205d918ce) Importer(815301076,1909f56bfc062723c751e8b465ee728b)
Start importing Assets/NSMesh using Guid(dbe55effb7eacdf45b193fb205d918ce) Importer(815301076,1909f56bfc062723c751e8b465ee728b)  -> (artifact id: 'dca889dfc73b59238d9ce47bca6016e2') in 0.000527 seconds
Number of updated asset objects reloaded before import = 0
Number of asset objects unloaded after import = 0
========================================================================
Received Import Request.
  Time since last request: 22.844564 seconds.
  path: Assets/KeyUI
  artifactKey: Guid(690e1c8a7b721464a97550db4e43bf7e) Importer(815301076,1909f56bfc062723c751e8b465ee728b)
Start importing Assets/KeyUI using Guid(690e1c8a7b721464a97550db4e43bf7e) Importer(815301076,1909f56bfc062723c751e8b465ee728b)  -> (artifact id: '5941db1f32857a7e23aaff5b157dd4aa') in 0.000443 seconds
Number of updated asset objects reloaded before import = 0
Number of asset objects unloaded after import = 0
========================================================================
Received Import Request.
  Time since last request: 12.529252 seconds.
  path: Assets/Traps
  artifactKey: Guid(f4f979308140fda40a31f72f9722e851) Importer(815301076,1909f56bfc062723c751e8b465ee728b)
Start importing Assets/Traps using Guid(f4f979308140fda40a31f72f9722e851) Importer(815301076,1909f56bfc062723c751e8b465ee728b)  -> (artifact id: '9d59abcec14520f5f2571a147633ec88') in 0.000460 seconds
Number of updated asset objects reloaded before import = 0
Number of asset objects unloaded after import = 0
========================================================================
Received Import Request.
  Time since last request: 26.092786 seconds.
  path: Assets/Materials
  artifactKey: Guid(b707668094d662d408dfb27dc034ac84) Importer(815301076,1909f56bfc062723c751e8b465ee728b)
Start importing Assets/Materials using Guid(b707668094d662d408dfb27dc034ac84) Importer(815301076,1909f56bfc062723c751e8b465ee728b)  -> (artifact id: '6e2bbba33a2a7dc5415d395875b4f402') in 0.000800 seconds
Number of updated asset objects reloaded before import = 0
Number of asset objects unloaded after import = 0
========================================================================
Received Import Request.
  Time since last request: 6.447319 seconds.
  path: Assets/TMP
  artifactKey: Guid(f54d1bd14bd3ca042bd867b519fee8cc) Importer(815301076,1909f56bfc062723c751e8b465ee728b)
Start importing Assets/TMP using Guid(f54d1bd14bd3ca042bd867b519fee8cc) Importer(815301076,1909f56bfc062723c751e8b465ee728b)  -> (artifact id: '65060fa0e2f3b4300bc0026475ba5187') in 0.000673 seconds
Number of updated asset objects reloaded before import = 9
Number of asset objects unloaded after import = 0
========================================================================
Received Prepare
Setting a NavMeshArea cost less than one can give unexpected results.
Begin MonoManager ReloadAssembly
- Loaded All Assemblies, in  0.416 seconds
Refreshing native plugins compatible for Editor in 4.56 ms, found 4 plugins.
Native extension for WindowsStandalone target not found
Native extension for WebGL target not found
[Package Manager] Server::EnsureServerProcessIsRunning -- launch failed, reason: Unity was launched with the -noUpm command-line argument
[Package Manager] UpmClient::Send -- Unable to send message (not connected to UPM process).
[Package Manager] Cannot connect to Unity Package Manager local server
Mono: successfully reloaded assembly
- Finished resetting the current domain, in  0.861 seconds
Domain Reload Profiling: 1274ms
	BeginReloadAssembly (142ms)
		ExecutionOrderSort (0ms)
		DisableScriptedObjects (9ms)
		BackupInstance (0ms)
		ReleaseScriptingObjects (0ms)
		CreateAndSetChildDomain (37ms)
	RebuildCommonClasses (28ms)
	RebuildNativeTypeToScriptingClass (9ms)
	initialDomainReloadingComplete (26ms)
	LoadAllAssembliesAndSetupDomain (207ms)
		LoadAssemblies (257ms)
		RebuildTransferFunctionScriptingTraits (0ms)
		AnalyzeDomain (21ms)
			TypeCache.Refresh (8ms)
				TypeCache.ScanAssembly (1ms)
			ScanForSourceGeneratedMonoScriptInfo (6ms)
			ResolveRequiredComponents (4ms)
	FinalizeReload (861ms)
		ReleaseScriptCaches (0ms)
		RebuildScriptCaches (0ms)
		SetupLoadedEditorAssemblies (301ms)
			LogAssemblyErrors (0ms)
			InitializePlatformSupportModulesInManaged (5ms)
			SetLoadedEditorAssemblies (3ms)
			RefreshPlugins (0ms)
			BeforeProcessingInitializeOnLoad (52ms)
			ProcessInitializeOnLoadAttributes (218ms)
			ProcessInitializeOnLoadMethodAttributes (19ms)
			AfterProcessingInitializeOnLoad (5ms)
			EditorAssembliesLoaded (0ms)
		ExecutionOrderSort2 (0ms)
		AwakeInstancesAfterBackupRestoration (9ms)
Refreshing native plugins compatible for Editor in 4.84 ms, found 4 plugins.
Preloading 0 native plugins for Editor in 0.00 ms.
Unloading 4177 Unused Serialized files (Serialized files now loaded: 0)
Unloading 37 unused Assets / (35.8 KB). Loaded Objects now: 4731.
Memory consumption went from 158.0 MB to 157.9 MB.
Total: 2.512000 ms (FindLiveObjects: 0.211300 ms CreateObjectMapping: 0.118300 ms MarkObjects: 2.129700 ms  DeleteObjects: 0.051800 ms)

Prepare: number of updated asset objects reloaded= 0
AssetImportParameters requested are different than current active one (requested -> active):
  custom:container-demuxer-ogg: 62fdf1f143b41e24485cea50d1cbac27 -> 
  custom:scripting/monoscript/fileName/demoBehaviour.cs: 499a7e569e266d9ce3ad2d3b52860d5a -> 
  custom:video-decoder-ogg-theora: a1e56fd34408186e4bbccfd4996cb3dc -> 
  custom:framework-win-MediaFoundation: 216162199b28c13a410421893ffa2e32 -> 
  custom:CustomObjectIndexerAttribute: 6d391050e5a25f67b0a2c618074f2cd9 -> 
  custom:container-demuxer-webm: 4f35f7cbe854078d1ac9338744f61a02 -> 
  custom:container-muxer-webm: aa71ff27fc2769a1b78a27578f13a17b -> 
  custom:video-decoder-webm-vp8: 9c59270c3fd7afecdb556c50c9e8de78 -> 
  custom:SearchIndexIgnoredProperties: e643bd26f0fe6173181afceb89e7c659 -> 
  custom:AudioImporter_EditorPlatform: d09bf68614088b80899f8185d706f6e7 -> 
  custom:scripting/monoscript/fileName/openDoor.cs: 6b94734b122930fccc0f02e579d6b71e -> 104aa4287296e3ce9ca0c754542e8b64
  custom:video-encoder-webm-vp8: eb34c28f22e8b96e1ab97ce403110664 -> 
  custom:audio-decoder-ogg-vorbis: bf7c407c2cedff20999df2af8eb42d56 -> 
  custom:audio-encoder-webm-vorbis: bf7c407c2cedff20999df2af8eb42d56 -> 
========================================================================
Received Import Request.
  Time since last request: 13.586576 seconds.
  path: Assets/HorrorPack
  artifactKey: Guid(8885cd7ab5436ff429fe8d71a5fea488) Importer(815301076,1909f56bfc062723c751e8b465ee728b)
Start importing Assets/HorrorPack using Guid(8885cd7ab5436ff429fe8d71a5fea488) Importer(815301076,1909f56bfc062723c751e8b465ee728b)  -> (artifact id: '6bcb0badc280798b30c06642d5d84d8a') in 0.002995 seconds
Number of updated asset objects reloaded before import = 0
Number of asset objects unloaded after import = 0
========================================================================
Received Import Request.
  Time since last request: 1.259861 seconds.
  path: Assets/DungeonGround
  artifactKey: Guid(832bfe793e3ab224fa87e89910b7771b) Importer(815301076,1909f56bfc062723c751e8b465ee728b)
Start importing Assets/DungeonGround using Guid(832bfe793e3ab224fa87e89910b7771b) Importer(815301076,1909f56bfc062723c751e8b465ee728b)  -> (artifact id: '13a30275168b829acfcab895a1ef9e8c') in 0.000507 seconds
Number of updated asset objects reloaded before import = 0
Number of asset objects unloaded after import = 0
========================================================================
Received Import Request.
  Time since last request: 4.464292 seconds.
  path: Assets/GroupTexture
  artifactKey: Guid(832bfe793e3ab224fa87e89910b7771b) Importer(815301076,1909f56bfc062723c751e8b465ee728b)
Start importing Assets/GroupTexture using Guid(832bfe793e3ab224fa87e89910b7771b) Importer(815301076,1909f56bfc062723c751e8b465ee728b)  -> (artifact id: 'f8344a474f88d910557e72fb4ddaa6db') in 0.000486 seconds
Number of updated asset objects reloaded before import = 0
Number of asset objects unloaded after import = 0
========================================================================
Received Import Request.
  Time since last request: 5.840867 seconds.
  path: Assets/GroundTexture
  artifactKey: Guid(832bfe793e3ab224fa87e89910b7771b) Importer(815301076,1909f56bfc062723c751e8b465ee728b)
Start importing Assets/GroundTexture using Guid(832bfe793e3ab224fa87e89910b7771b) Importer(815301076,1909f56bfc062723c751e8b465ee728b)  -> (artifact id: '37027481a2e7120205ea13a9ae2d7df5') in 0.000472 seconds
Number of updated asset objects reloaded before import = 0
Number of asset objects unloaded after import = 0
