Using pre-set license
Built from '2022.3/release' branch; Version is '2022.3.18f1 (d29bea25151d) revision 13802474'; Using compiler version '192829333'; Build Type 'Release'
OS: 'Windows 11  (10.0.22621) 64bit Core' Language: 'en' Physical Memory: 16070 MB
BatchMode: 1, IsHumanControllingUs: 0, StartBugReporterOnCrash: 0, Is64bit: 1, IsPro: 1

COMMAND LINE ARGUMENTS:
C:\Program Files\Unity\Hub\Editor\2022.3.18f1\Editor\Unity.exe
-adb2
-batchMode
-noUpm
-name
AssetImportWorker3
-projectPath
C:/Users/alexg/OneDrive - University of Southampton/COMP6259 - AGD/Startup Project
-logFile
Logs/AssetImportWorker3.log
-srvPort
52955
Successfully changed project path to: C:/Users/alexg/OneDrive - University of Southampton/COMP6259 - AGD/Startup Project
C:/Users/alexg/OneDrive - University of Southampton/COMP6259 - AGD/Startup Project
[UnityMemory] Configuration Parameters - Can be set up in boot.config
    "memorysetup-bucket-allocator-granularity=16"
    "memorysetup-bucket-allocator-bucket-count=8"
    "memorysetup-bucket-allocator-block-size=33554432"
    "memorysetup-bucket-allocator-block-count=8"
    "memorysetup-main-allocator-block-size=16777216"
    "memorysetup-thread-allocator-block-size=16777216"
    "memorysetup-gfx-main-allocator-block-size=16777216"
    "memorysetup-gfx-thread-allocator-block-size=16777216"
    "memorysetup-cache-allocator-block-size=4194304"
    "memorysetup-typetree-allocator-block-size=2097152"
    "memorysetup-profiler-bucket-allocator-granularity=16"
    "memorysetup-profiler-bucket-allocator-bucket-count=8"
    "memorysetup-profiler-bucket-allocator-block-size=33554432"
    "memorysetup-profiler-bucket-allocator-block-count=8"
    "memorysetup-profiler-allocator-block-size=16777216"
    "memorysetup-profiler-editor-allocator-block-size=1048576"
    "memorysetup-temp-allocator-size-main=16777216"
    "memorysetup-job-temp-allocator-block-size=2097152"
    "memorysetup-job-temp-allocator-block-size-background=1048576"
    "memorysetup-job-temp-allocator-reduction-small-platforms=262144"
    "memorysetup-allocator-temp-initial-block-size-main=262144"
    "memorysetup-allocator-temp-initial-block-size-worker=262144"
    "memorysetup-temp-allocator-size-background-worker=32768"
    "memorysetup-temp-allocator-size-job-worker=262144"
    "memorysetup-temp-allocator-size-preload-manager=33554432"
    "memorysetup-temp-allocator-size-nav-mesh-worker=65536"
    "memorysetup-temp-allocator-size-audio-worker=65536"
    "memorysetup-temp-allocator-size-cloud-worker=32768"
    "memorysetup-temp-allocator-size-gi-baking-worker=262144"
    "memorysetup-temp-allocator-size-gfx=262144"
Player connection [24440] Host "[IP] 10.130.230.4 [Port] 0 [Flags] 2 [Guid] 409218349 [EditorId] 409218349 [Version] 1048832 [Id] WindowsEditor(7,AlexAcer) [Debug] 1 [PackageName] WindowsEditor [ProjectName] Editor" joined multi-casting on [225.0.0.222:54997]...

Player connection [24440] Host "[IP] 10.130.230.4 [Port] 0 [Flags] 2 [Guid] 409218349 [EditorId] 409218349 [Version] 1048832 [Id] WindowsEditor(7,AlexAcer) [Debug] 1 [PackageName] WindowsEditor [ProjectName] Editor" joined alternative multi-casting on [225.0.0.222:34997]...

[Physics::Module] Initialized MultithreadedJobDispatcher with 15 workers.
Setting a NavMeshArea cost less than one can give unexpected results.
Refreshing native plugins compatible for Editor in 12.31 ms, found 4 plugins.
Preloading 0 native plugins for Editor in 0.00 ms.
Initialize engine version: 2022.3.18f1 (d29bea25151d)
[Subsystems] Discovering subsystems at path C:/Program Files/Unity/Hub/Editor/2022.3.18f1/Editor/Data/Resources/UnitySubsystems
[Subsystems] Discovering subsystems at path C:/Users/alexg/OneDrive - University of Southampton/COMP6259 - AGD/Startup Project/Assets
GfxDevice: creating device client; threaded=0; jobified=0
Direct3D:
    Version:  Direct3D 11.0 [level 11.1]
    Renderer: NVIDIA GeForce RTX 4060 Laptop GPU (ID=0x28a0)
    Vendor:   NVIDIA
    VRAM:     7957 MB
    Driver:   31.0.15.5152
Initialize mono
Mono path[0] = 'C:/Program Files/Unity/Hub/Editor/2022.3.18f1/Editor/Data/Managed'
Mono path[1] = 'C:/Program Files/Unity/Hub/Editor/2022.3.18f1/Editor/Data/MonoBleedingEdge/lib/mono/unityjit-win32'
Mono config path = 'C:/Program Files/Unity/Hub/Editor/2022.3.18f1/Editor/Data/MonoBleedingEdge/etc'
Using monoOptions --debugger-agent=transport=dt_socket,embedding=1,server=y,suspend=n,address=127.0.0.1:56192
Begin MonoManager ReloadAssembly
Registering precompiled unity dll's ...
Register platform support module: C:/Program Files/Unity/Hub/Editor/2022.3.18f1/Editor/Data/PlaybackEngines/WebGLSupport/UnityEditor.WebGL.Extensions.dll
Register platform support module: C:/Program Files/Unity/Hub/Editor/2022.3.18f1/Editor/Data/PlaybackEngines/WindowsStandaloneSupport/UnityEditor.WindowsStandalone.Extensions.dll
Registered in 0.007844 seconds.
- Loaded All Assemblies, in  0.264 seconds
Native extension for WindowsStandalone target not found
Native extension for WebGL target not found
Mono: successfully reloaded assembly
- Finished resetting the current domain, in  0.192 seconds
Domain Reload Profiling: 455ms
	BeginReloadAssembly (86ms)
		ExecutionOrderSort (0ms)
		DisableScriptedObjects (0ms)
		BackupInstance (0ms)
		ReleaseScriptingObjects (0ms)
		CreateAndSetChildDomain (1ms)
	RebuildCommonClasses (23ms)
	RebuildNativeTypeToScriptingClass (7ms)
	initialDomainReloadingComplete (51ms)
	LoadAllAssembliesAndSetupDomain (96ms)
		LoadAssemblies (83ms)
		RebuildTransferFunctionScriptingTraits (0ms)
		AnalyzeDomain (94ms)
			TypeCache.Refresh (93ms)
				TypeCache.ScanAssembly (84ms)
			ScanForSourceGeneratedMonoScriptInfo (0ms)
			ResolveRequiredComponents (0ms)
	FinalizeReload (192ms)
		ReleaseScriptCaches (0ms)
		RebuildScriptCaches (0ms)
		SetupLoadedEditorAssemblies (153ms)
			LogAssemblyErrors (0ms)
			InitializePlatformSupportModulesInManaged (7ms)
			SetLoadedEditorAssemblies (4ms)
			RefreshPlugins (0ms)
			BeforeProcessingInitializeOnLoad (1ms)
			ProcessInitializeOnLoadAttributes (107ms)
			ProcessInitializeOnLoadMethodAttributes (34ms)
			AfterProcessingInitializeOnLoad (0ms)
			EditorAssembliesLoaded (0ms)
		ExecutionOrderSort2 (0ms)
		AwakeInstancesAfterBackupRestoration (0ms)
========================================================================
Worker process is ready to serve import requests
Begin MonoManager ReloadAssembly
- Loaded All Assemblies, in  0.521 seconds
Refreshing native plugins compatible for Editor in 4.15 ms, found 4 plugins.
Native extension for WindowsStandalone target not found
Native extension for WebGL target not found
Package Manager log level set to [2]
[Package Manager] Server::EnsureServerProcessIsRunning -- launch failed, reason: Unity was launched with the -noUpm command-line argument
[Package Manager] UpmClient::Send -- Unable to send message (not connected to UPM process).
[Package Manager] Cannot connect to Unity Package Manager local server
Mono: successfully reloaded assembly
- Finished resetting the current domain, in  0.465 seconds
Domain Reload Profiling: 983ms
	BeginReloadAssembly (112ms)
		ExecutionOrderSort (0ms)
		DisableScriptedObjects (4ms)
		BackupInstance (0ms)
		ReleaseScriptingObjects (0ms)
		CreateAndSetChildDomain (16ms)
	RebuildCommonClasses (29ms)
	RebuildNativeTypeToScriptingClass (9ms)
	initialDomainReloadingComplete (33ms)
	LoadAllAssembliesAndSetupDomain (335ms)
		LoadAssemblies (257ms)
		RebuildTransferFunctionScriptingTraits (0ms)
		AnalyzeDomain (147ms)
			TypeCache.Refresh (126ms)
				TypeCache.ScanAssembly (115ms)
			ScanForSourceGeneratedMonoScriptInfo (16ms)
			ResolveRequiredComponents (3ms)
	FinalizeReload (465ms)
		ReleaseScriptCaches (0ms)
		RebuildScriptCaches (0ms)
		SetupLoadedEditorAssemblies (347ms)
			LogAssemblyErrors (0ms)
			InitializePlatformSupportModulesInManaged (5ms)
			SetLoadedEditorAssemblies (4ms)
			RefreshPlugins (0ms)
			BeforeProcessingInitializeOnLoad (57ms)
			ProcessInitializeOnLoadAttributes (252ms)
			ProcessInitializeOnLoadMethodAttributes (23ms)
			AfterProcessingInitializeOnLoad (5ms)
			EditorAssembliesLoaded (0ms)
		ExecutionOrderSort2 (0ms)
		AwakeInstancesAfterBackupRestoration (5ms)
Setting a NavMeshArea cost less than one can give unexpected results.
Launched and connected shader compiler UnityShaderCompiler.exe after 0.05 seconds
Refreshing native plugins compatible for Editor in 3.85 ms, found 4 plugins.
Preloading 0 native plugins for Editor in 0.00 ms.
Unloading 4203 Unused Serialized files (Serialized files now loaded: 0)
Unloading 65 unused Assets / (62.1 KB). Loaded Objects now: 4674.
Memory consumption went from 155.1 MB to 155.0 MB.
Total: 3.207100 ms (FindLiveObjects: 0.187500 ms CreateObjectMapping: 0.096700 ms MarkObjects: 2.795800 ms  DeleteObjects: 0.126300 ms)

AssetImportParameters requested are different than current active one (requested -> active):
  custom:container-demuxer-ogg: 62fdf1f143b41e24485cea50d1cbac27 -> 
  custom:scripting/monoscript/fileName/demoBehaviour.cs: 499a7e569e266d9ce3ad2d3b52860d5a -> 
  custom:video-decoder-ogg-theora: a1e56fd34408186e4bbccfd4996cb3dc -> 
  custom:framework-win-MediaFoundation: 216162199b28c13a410421893ffa2e32 -> 
  custom:CustomObjectIndexerAttribute: 6d391050e5a25f67b0a2c618074f2cd9 -> 
  custom:container-demuxer-webm: 4f35f7cbe854078d1ac9338744f61a02 -> 
  custom:container-muxer-webm: aa71ff27fc2769a1b78a27578f13a17b -> 
  custom:video-decoder-webm-vp8: 9c59270c3fd7afecdb556c50c9e8de78 -> 
  custom:SearchIndexIgnoredProperties: e643bd26f0fe6173181afceb89e7c659 -> 
  custom:AudioImporter_EditorPlatform: d09bf68614088b80899f8185d706f6e7 -> 
  custom:scripting/monoscript/fileName/openDoor.cs: 6b94734b122930fccc0f02e579d6b71e -> 104aa4287296e3ce9ca0c754542e8b64
  custom:video-encoder-webm-vp8: eb34c28f22e8b96e1ab97ce403110664 -> 
  custom:audio-decoder-ogg-vorbis: bf7c407c2cedff20999df2af8eb42d56 -> 
  custom:audio-encoder-webm-vorbis: bf7c407c2cedff20999df2af8eb42d56 -> 
========================================================================
Received Import Request.
  Time since last request: 6006.741233 seconds.
  path: Assets/Adventure Forge Studio/Modular Dungeon Pack/MDP_Textures/MDP_Tex_Prebaked_Textures/MDP_Tex_PreB_4K/MDP_Tex_PreB_4K_StoneWithMoss/MDP_Tex_PreB_4K_StoneWithMoss_MetallicSmoothness.tif
  artifactKey: Guid(fdd09962f01998e46b698985267cf5d2) Importer(815301076,1909f56bfc062723c751e8b465ee728b)
Start importing Assets/Adventure Forge Studio/Modular Dungeon Pack/MDP_Textures/MDP_Tex_Prebaked_Textures/MDP_Tex_PreB_4K/MDP_Tex_PreB_4K_StoneWithMoss/MDP_Tex_PreB_4K_StoneWithMoss_MetallicSmoothness.tif using Guid(fdd09962f01998e46b698985267cf5d2) Importer(815301076,1909f56bfc062723c751e8b465ee728b)  -> (artifact id: 'e88ebf7b457138731a456c1e85eed623') in 0.119556 seconds
Number of updated asset objects reloaded before import = 0
Number of asset objects unloaded after import = 2
========================================================================
Received Import Request.
  Time since last request: 0.940969 seconds.
  path: Assets/Adventure Forge Studio/Modular Dungeon Pack/MDP_Textures/MDP_Tex_Prebaked_Textures/MDP_Tex_PreB_4K/MDP_Tex_PreB_4K_StoneSlabsWithMoss/MDP_Tex_PreB_4K_StoneSlabsWithMoss_MetallicSmoothness.tif
  artifactKey: Guid(7b5f2e5c09f71364c9387e729522500a) Importer(815301076,1909f56bfc062723c751e8b465ee728b)
Start importing Assets/Adventure Forge Studio/Modular Dungeon Pack/MDP_Textures/MDP_Tex_Prebaked_Textures/MDP_Tex_PreB_4K/MDP_Tex_PreB_4K_StoneSlabsWithMoss/MDP_Tex_PreB_4K_StoneSlabsWithMoss_MetallicSmoothness.tif using Guid(7b5f2e5c09f71364c9387e729522500a) Importer(815301076,1909f56bfc062723c751e8b465ee728b)  -> (artifact id: '4f46edb48790e6a906e44d3390680e61') in 0.040191 seconds
Number of updated asset objects reloaded before import = 0
Number of asset objects unloaded after import = 2
========================================================================
Received Import Request.
  Time since last request: 0.700199 seconds.
  path: Assets/Adventure Forge Studio/Modular Dungeon Pack/MDP_Textures/MDP_Tex_Prebaked_Textures/MDP_Tex_PreB_4K/MDP_Tex_PreB_4K_StoneSlabs/MDP_Tex_PreB_4K_StoneSlabs_MetallicSmoothness.tif
  artifactKey: Guid(fe3376b5dc82a7e4c8ad6a366a22b477) Importer(815301076,1909f56bfc062723c751e8b465ee728b)
Start importing Assets/Adventure Forge Studio/Modular Dungeon Pack/MDP_Textures/MDP_Tex_Prebaked_Textures/MDP_Tex_PreB_4K/MDP_Tex_PreB_4K_StoneSlabs/MDP_Tex_PreB_4K_StoneSlabs_MetallicSmoothness.tif using Guid(fe3376b5dc82a7e4c8ad6a366a22b477) Importer(815301076,1909f56bfc062723c751e8b465ee728b)  -> (artifact id: '28f29e6def5a16d8f20ee9c4aa62d8c2') in 0.015424 seconds
Number of updated asset objects reloaded before import = 0
Number of asset objects unloaded after import = 2
========================================================================
Received Import Request.
  Time since last request: 1.765045 seconds.
  path: Assets/Adventure Forge Studio/Modular Dungeon Pack/MDP_Textures/MDP_Tex_Prebaked_Textures/MDP_Tex_PreB_4K/MDP_Tex_PreB_4K_StoneBricksWithMoss/MDP_Tex_PreB_4K_StonebricksWithMoss_MetallicSmoothness.tif
  artifactKey: Guid(d5364e87a0dabe8428d0b86bd86eb745) Importer(815301076,1909f56bfc062723c751e8b465ee728b)
Start importing Assets/Adventure Forge Studio/Modular Dungeon Pack/MDP_Textures/MDP_Tex_Prebaked_Textures/MDP_Tex_PreB_4K/MDP_Tex_PreB_4K_StoneBricksWithMoss/MDP_Tex_PreB_4K_StonebricksWithMoss_MetallicSmoothness.tif using Guid(d5364e87a0dabe8428d0b86bd86eb745) Importer(815301076,1909f56bfc062723c751e8b465ee728b)  -> (artifact id: '52ac5791143ba234991aa8368797dd63') in 0.040871 seconds
Number of updated asset objects reloaded before import = 0
Number of asset objects unloaded after import = 2
========================================================================
Received Import Request.
  Time since last request: 0.751240 seconds.
  path: Assets/Adventure Forge Studio/Modular Dungeon Pack/MDP_Textures/MDP_Tex_Prebaked_Textures/MDP_Tex_PreB_4K/MDP_Tex_PreB_4K_StoneBricks/MDP_Tex_PreB_4K_Stonebricks_MetallicSmoothness.tif
  artifactKey: Guid(93502aa08dd6611489296e09463b4e35) Importer(815301076,1909f56bfc062723c751e8b465ee728b)
Start importing Assets/Adventure Forge Studio/Modular Dungeon Pack/MDP_Textures/MDP_Tex_Prebaked_Textures/MDP_Tex_PreB_4K/MDP_Tex_PreB_4K_StoneBricks/MDP_Tex_PreB_4K_Stonebricks_MetallicSmoothness.tif using Guid(93502aa08dd6611489296e09463b4e35) Importer(815301076,1909f56bfc062723c751e8b465ee728b)  -> (artifact id: 'd8bca1499d8066494422ea41747393fd') in 0.054412 seconds
Number of updated asset objects reloaded before import = 0
Number of asset objects unloaded after import = 2
========================================================================
Received Import Request.
  Time since last request: 1.307206 seconds.
  path: Assets/Adventure Forge Studio/Modular Dungeon Pack/MDP_Textures/MDP_Tex_Prebaked_Textures/MDP_Tex_PreB_4K/MDP_Tex_PreB_4K_Stone/MDP_Tex_PreB_4K_Stone_MetallicSmoothness.tif
  artifactKey: Guid(0a29e9caddf7dc3448f0660b13422f46) Importer(815301076,1909f56bfc062723c751e8b465ee728b)
Start importing Assets/Adventure Forge Studio/Modular Dungeon Pack/MDP_Textures/MDP_Tex_Prebaked_Textures/MDP_Tex_PreB_4K/MDP_Tex_PreB_4K_Stone/MDP_Tex_PreB_4K_Stone_MetallicSmoothness.tif using Guid(0a29e9caddf7dc3448f0660b13422f46) Importer(815301076,1909f56bfc062723c751e8b465ee728b)  -> (artifact id: '92e230b8c819ae7b6eb8ee10034feb13') in 0.041820 seconds
Number of updated asset objects reloaded before import = 0
Number of asset objects unloaded after import = 2
========================================================================
Received Import Request.
  Time since last request: 0.998839 seconds.
  path: Assets/Adventure Forge Studio/Modular Dungeon Pack/MDP_Textures/MDP_Tex_Prebaked_Textures/MDP_Tex_PreB_4K/MDP_Tex_Preb_4K_SquareStoneTilesWithMoss/MDP_Tex_PreB_4K_SquareStoneTilesWithMoss_MetallicSmoothness.tif
  artifactKey: Guid(7edce9fd7cc3c4a40a83f8cc7b22fb6f) Importer(815301076,1909f56bfc062723c751e8b465ee728b)
Start importing Assets/Adventure Forge Studio/Modular Dungeon Pack/MDP_Textures/MDP_Tex_Prebaked_Textures/MDP_Tex_PreB_4K/MDP_Tex_Preb_4K_SquareStoneTilesWithMoss/MDP_Tex_PreB_4K_SquareStoneTilesWithMoss_MetallicSmoothness.tif using Guid(7edce9fd7cc3c4a40a83f8cc7b22fb6f) Importer(815301076,1909f56bfc062723c751e8b465ee728b)  -> (artifact id: 'da92305772495e05c872d219e9b82bab') in 0.022788 seconds
Number of updated asset objects reloaded before import = 0
Number of asset objects unloaded after import = 2
========================================================================
Received Import Request.
  Time since last request: 1.015167 seconds.
  path: Assets/Adventure Forge Studio/Modular Dungeon Pack/MDP_Textures/MDP_Tex_Prebaked_Textures/MDP_Tex_PreB_4K/MDP_Tex_Preb_4K_SquareStoneTiles/MDP_Tex_PreB_4K_SquareStoneTiles_MetallicSmoothness.tif
  artifactKey: Guid(00afd5089834de74eba2e12d0b515009) Importer(815301076,1909f56bfc062723c751e8b465ee728b)
Start importing Assets/Adventure Forge Studio/Modular Dungeon Pack/MDP_Textures/MDP_Tex_Prebaked_Textures/MDP_Tex_PreB_4K/MDP_Tex_Preb_4K_SquareStoneTiles/MDP_Tex_PreB_4K_SquareStoneTiles_MetallicSmoothness.tif using Guid(00afd5089834de74eba2e12d0b515009) Importer(815301076,1909f56bfc062723c751e8b465ee728b)  -> (artifact id: '396b4a5d5ec9d25265747c6f6682bc94') in 0.091260 seconds
Number of updated asset objects reloaded before import = 0
Number of asset objects unloaded after import = 2
========================================================================
Received Import Request.
  Time since last request: 1.455104 seconds.
  path: Assets/Adventure Forge Studio/Modular Dungeon Pack/MDP_Textures/MDP_Tex_Prebaked_Textures/MDP_Tex_PreB_4K/MDP_Tex_PreB_4K_FlatStoneBricksWithMoss/MDP_Tex_PreB_4K_FlatStoneBricks_MetallicSmoothness.tif
  artifactKey: Guid(4d756cf9f856ace41b0af437179deb60) Importer(815301076,1909f56bfc062723c751e8b465ee728b)
Start importing Assets/Adventure Forge Studio/Modular Dungeon Pack/MDP_Textures/MDP_Tex_Prebaked_Textures/MDP_Tex_PreB_4K/MDP_Tex_PreB_4K_FlatStoneBricksWithMoss/MDP_Tex_PreB_4K_FlatStoneBricks_MetallicSmoothness.tif using Guid(4d756cf9f856ace41b0af437179deb60) Importer(815301076,1909f56bfc062723c751e8b465ee728b)  -> (artifact id: '5c689fee6c57bdb5b67cb8c501a4cf4f') in 0.016950 seconds
Number of updated asset objects reloaded before import = 0
Number of asset objects unloaded after import = 2
========================================================================
Received Import Request.
  Time since last request: 0.674713 seconds.
  path: Assets/Adventure Forge Studio/Modular Dungeon Pack/MDP_Textures/MDP_Tex_Prebaked_Textures/MDP_Tex_PreB_4K/MDP_Tex_PreB_4K_LargeStoneBricks/MDP_Tex_PreB_4K_LargeStoneBricks_MetallicSmoothness.tif
  artifactKey: Guid(eebd842ed580cd44f8ea84f7b407a04d) Importer(815301076,1909f56bfc062723c751e8b465ee728b)
Start importing Assets/Adventure Forge Studio/Modular Dungeon Pack/MDP_Textures/MDP_Tex_Prebaked_Textures/MDP_Tex_PreB_4K/MDP_Tex_PreB_4K_LargeStoneBricks/MDP_Tex_PreB_4K_LargeStoneBricks_MetallicSmoothness.tif using Guid(eebd842ed580cd44f8ea84f7b407a04d) Importer(815301076,1909f56bfc062723c751e8b465ee728b)  -> (artifact id: '1a20d5c57ce11bd5081831936371f2bd') in 0.021943 seconds
Number of updated asset objects reloaded before import = 0
Number of asset objects unloaded after import = 2
========================================================================
Received Import Request.
  Time since last request: 31.539422 seconds.
  path: Assets/Adventure Forge Studio/MDP_Mat_PreB_4K/MDP_Mat_PreB_4K_LargeStoneBricksTiled.mat
  artifactKey: Guid(3b44bde9fa6caaa439b394bb46b1677d) Importer(815301076,1909f56bfc062723c751e8b465ee728b)
Start importing Assets/Adventure Forge Studio/MDP_Mat_PreB_4K/MDP_Mat_PreB_4K_LargeStoneBricksTiled.mat using Guid(3b44bde9fa6caaa439b394bb46b1677d) Importer(815301076,1909f56bfc062723c751e8b465ee728b)  -> (artifact id: '091ed32f5042865dacec4cb351b28293') in 0.085285 seconds
Number of updated asset objects reloaded before import = 0
Number of asset objects unloaded after import = 1
========================================================================
Received Import Request.
  Time since last request: 0.000020 seconds.
  path: Assets/Adventure Forge Studio/MDP_Mat_PreB_4K/MDP_Mat_PreB_4K_Stone.mat
  artifactKey: Guid(8628bbb96b7452f408391633ad99fd6c) Importer(815301076,1909f56bfc062723c751e8b465ee728b)
Start importing Assets/Adventure Forge Studio/MDP_Mat_PreB_4K/MDP_Mat_PreB_4K_Stone.mat using Guid(8628bbb96b7452f408391633ad99fd6c) Importer(815301076,1909f56bfc062723c751e8b465ee728b)  -> (artifact id: '08b12b61897a4891167a92ee8c68b42f') in 0.024086 seconds
Number of updated asset objects reloaded before import = 0
Number of asset objects unloaded after import = 1
========================================================================
Received Prepare
Setting a NavMeshArea cost less than one can give unexpected results.
Begin MonoManager ReloadAssembly
- Loaded All Assemblies, in  0.527 seconds
Refreshing native plugins compatible for Editor in 5.33 ms, found 4 plugins.
Native extension for WindowsStandalone target not found
Native extension for WebGL target not found
[Package Manager] Server::EnsureServerProcessIsRunning -- launch failed, reason: Unity was launched with the -noUpm command-line argument
[Package Manager] UpmClient::Send -- Unable to send message (not connected to UPM process).
[Package Manager] Cannot connect to Unity Package Manager local server
Mono: successfully reloaded assembly
- Finished resetting the current domain, in  1.256 seconds
Domain Reload Profiling: 1780ms
	BeginReloadAssembly (162ms)
		ExecutionOrderSort (0ms)
		DisableScriptedObjects (8ms)
		BackupInstance (0ms)
		ReleaseScriptingObjects (0ms)
		CreateAndSetChildDomain (42ms)
	RebuildCommonClasses (28ms)
	RebuildNativeTypeToScriptingClass (12ms)
	initialDomainReloadingComplete (33ms)
	LoadAllAssembliesAndSetupDomain (289ms)
		LoadAssemblies (336ms)
		RebuildTransferFunctionScriptingTraits (0ms)
		AnalyzeDomain (31ms)
			TypeCache.Refresh (14ms)
				TypeCache.ScanAssembly (1ms)
			ScanForSourceGeneratedMonoScriptInfo (11ms)
			ResolveRequiredComponents (6ms)
	FinalizeReload (1256ms)
		ReleaseScriptCaches (0ms)
		RebuildScriptCaches (0ms)
		SetupLoadedEditorAssemblies (347ms)
			LogAssemblyErrors (0ms)
			InitializePlatformSupportModulesInManaged (5ms)
			SetLoadedEditorAssemblies (5ms)
			RefreshPlugins (0ms)
			BeforeProcessingInitializeOnLoad (61ms)
			ProcessInitializeOnLoadAttributes (249ms)
			ProcessInitializeOnLoadMethodAttributes (22ms)
			AfterProcessingInitializeOnLoad (5ms)
			EditorAssembliesLoaded (0ms)
		ExecutionOrderSort2 (0ms)
		AwakeInstancesAfterBackupRestoration (10ms)
Refreshing native plugins compatible for Editor in 6.11 ms, found 4 plugins.
Preloading 0 native plugins for Editor in 0.00 ms.
Unloading 4177 Unused Serialized files (Serialized files now loaded: 0)
Unloading 37 unused Assets / (35.8 KB). Loaded Objects now: 4721.
Memory consumption went from 155.2 MB to 155.2 MB.
Total: 2.810500 ms (FindLiveObjects: 0.256000 ms CreateObjectMapping: 0.116000 ms MarkObjects: 2.381300 ms  DeleteObjects: 0.056200 ms)

Prepare: number of updated asset objects reloaded= 0
AssetImportParameters requested are different than current active one (requested -> active):
  custom:container-demuxer-ogg: 62fdf1f143b41e24485cea50d1cbac27 -> 
  custom:scripting/monoscript/fileName/demoBehaviour.cs: 499a7e569e266d9ce3ad2d3b52860d5a -> 
  custom:video-decoder-ogg-theora: a1e56fd34408186e4bbccfd4996cb3dc -> 
  custom:framework-win-MediaFoundation: 216162199b28c13a410421893ffa2e32 -> 
  custom:CustomObjectIndexerAttribute: 6d391050e5a25f67b0a2c618074f2cd9 -> 
  custom:container-demuxer-webm: 4f35f7cbe854078d1ac9338744f61a02 -> 
  custom:container-muxer-webm: aa71ff27fc2769a1b78a27578f13a17b -> 
  custom:video-decoder-webm-vp8: 9c59270c3fd7afecdb556c50c9e8de78 -> 
  custom:SearchIndexIgnoredProperties: e643bd26f0fe6173181afceb89e7c659 -> 
  custom:AudioImporter_EditorPlatform: d09bf68614088b80899f8185d706f6e7 -> 
  custom:scripting/monoscript/fileName/openDoor.cs: 6b94734b122930fccc0f02e579d6b71e -> 104aa4287296e3ce9ca0c754542e8b64
  custom:video-encoder-webm-vp8: eb34c28f22e8b96e1ab97ce403110664 -> 
  custom:audio-decoder-ogg-vorbis: bf7c407c2cedff20999df2af8eb42d56 -> 
  custom:audio-encoder-webm-vorbis: bf7c407c2cedff20999df2af8eb42d56 -> 
Editor requested this worker to shutdown with reason: Scaling down because of idle timeout
TcpMessagingSession - receive error: operation aborted. errorcode: 995, details: The I/O operation has been aborted because of either a thread exit or an application request.
AssetImportWorker is now disconnected from the server
Process exiting
Exiting without the bug reporter. Application will terminate with return code 0